  Determining projects to restore...
  All projects are up-to-date for restore.
  AiRecruitment.Domain -> E:\Document\Visual Code\React JS\ai-screening-recruitment\backend\AiRecruitment.Domain\bin\Debug\net9.0\AiRecruitment.Domain.dll
  AiRecruitment.Application -> E:\Document\Visual Code\React JS\ai-screening-recruitment\backend\AiRecruitment.Application\bin\Debug\net9.0\AiRecruitment.Application.dll
E:\Document\Visual Code\React JS\ai-screening-recruitment\backend\AiRecruitment.Infrastructure\Services\ResumeParserService.cs(52,6): error CS1002: ; expected [E:\Document\Visual Code\React JS\ai-screening-recruitment\backend\AiRecruitment.Infrastructure\AiRecruitment.Infrastructure.csproj]
E:\Document\Visual Code\React JS\ai-screening-recruitment\backend\AiRecruitment.Infrastructure\Services\ResumeParserService.cs(52,15): error CS1002: ; expected [E:\Document\Visual Code\React JS\ai-screening-recruitment\backend\AiRecruitment.Infrastructure\AiRecruitment.Infrastructure.csproj]
E:\Document\Visual Code\React JS\ai-screening-recruitment\backend\AiRecruitment.Infrastructure\Services\ResumeParserService.cs(52,19): error CS1002: ; expected [E:\Document\Visual Code\React JS\ai-screening-recruitment\backend\AiRecruitment.Infrastructure\AiRecruitment.Infrastructure.csproj]
E:\Document\Visual Code\React JS\ai-screening-recruitment\backend\AiRecruitment.Infrastructure\Services\ResumeParserService.cs(52,23): error CS1002: ; expected [E:\Document\Visual Code\React JS\ai-screening-recruitment\backend\AiRecruitment.Infrastructure\AiRecruitment.Infrastructure.csproj]
E:\Document\Visual Code\React JS\ai-screening-recruitment\backend\AiRecruitment.Infrastructure\Services\ResumeParserService.cs(52,23): error CS1010: Newline in constant [E:\Document\Visual Code\React JS\ai-screening-recruitment\backend\AiRecruitment.Infrastructure\AiRecruitment.Infrastructure.csproj]
E:\Document\Visual Code\React JS\ai-screening-recruitment\backend\AiRecruitment.Infrastructure\Services\ResumeParserService.cs(52,25): error CS1002: ; expected [E:\Document\Visual Code\React JS\ai-screening-recruitment\backend\AiRecruitment.Infrastructure\AiRecruitment.Infrastructure.csproj]
E:\Document\Visual Code\React JS\ai-screening-recruitment\backend\AiRecruitment.Infrastructure\Services\ResumeParserService.cs(53,15): error CS1002: ; expected [E:\Document\Visual Code\React JS\ai-screening-recruitment\backend\AiRecruitment.Infrastructure\AiRecruitment.Infrastructure.csproj]
E:\Document\Visual Code\React JS\ai-screening-recruitment\backend\AiRecruitment.Infrastructure\Services\ResumeParserService.cs(53,15): error CS1513: } expected [E:\Document\Visual Code\React JS\ai-screening-recruitment\backend\AiRecruitment.Infrastructure\AiRecruitment.Infrastructure.csproj]
E:\Document\Visual Code\React JS\ai-screening-recruitment\backend\AiRecruitment.Infrastructure\Services\ResumeParserService.cs(53,22): error CS1002: ; expected [E:\Document\Visual Code\React JS\ai-screening-recruitment\backend\AiRecruitment.Infrastructure\AiRecruitment.Infrastructure.csproj]
E:\Document\Visual Code\React JS\ai-screening-recruitment\backend\AiRecruitment.Infrastructure\Services\ResumeParserService.cs(53,22): error CS1513: } expected [E:\Document\Visual Code\React JS\ai-screening-recruitment\backend\AiRecruitment.Infrastructure\AiRecruitment.Infrastructure.csproj]
E:\Document\Visual Code\React JS\ai-screening-recruitment\backend\AiRecruitment.Infrastructure\Services\ResumeParserService.cs(54,12): error CS1002: ; expected [E:\Document\Visual Code\React JS\ai-screening-recruitment\backend\AiRecruitment.Infrastructure\AiRecruitment.Infrastructure.csproj]
E:\Document\Visual Code\React JS\ai-screening-recruitment\backend\AiRecruitment.Infrastructure\Services\ResumeParserService.cs(54,12): error CS1513: } expected [E:\Document\Visual Code\React JS\ai-screening-recruitment\backend\AiRecruitment.Infrastructure\AiRecruitment.Infrastructure.csproj]
E:\Document\Visual Code\React JS\ai-screening-recruitment\backend\AiRecruitment.Infrastructure\Services\ResumeParserService.cs(54,33): error CS1002: ; expected [E:\Document\Visual Code\React JS\ai-screening-recruitment\backend\AiRecruitment.Infrastructure\AiRecruitment.Infrastructure.csproj]
E:\Document\Visual Code\React JS\ai-screening-recruitment\backend\AiRecruitment.Infrastructure\Services\ResumeParserService.cs(54,33): error CS1513: } expected [E:\Document\Visual Code\React JS\ai-screening-recruitment\backend\AiRecruitment.Infrastructure\AiRecruitment.Infrastructure.csproj]
E:\Document\Visual Code\React JS\ai-screening-recruitment\backend\AiRecruitment.Infrastructure\Services\ResumeParserService.cs(55,18): error CS1002: ; expected [E:\Document\Visual Code\React JS\ai-screening-recruitment\backend\AiRecruitment.Infrastructure\AiRecruitment.Infrastructure.csproj]
E:\Document\Visual Code\React JS\ai-screening-recruitment\backend\AiRecruitment.Infrastructure\Services\ResumeParserService.cs(55,18): error CS1513: } expected [E:\Document\Visual Code\React JS\ai-screening-recruitment\backend\AiRecruitment.Infrastructure\AiRecruitment.Infrastructure.csproj]
E:\Document\Visual Code\React JS\ai-screening-recruitment\backend\AiRecruitment.Infrastructure\Services\ResumeParserService.cs(55,32): error CS1002: ; expected [E:\Document\Visual Code\React JS\ai-screening-recruitment\backend\AiRecruitment.Infrastructure\AiRecruitment.Infrastructure.csproj]
E:\Document\Visual Code\React JS\ai-screening-recruitment\backend\AiRecruitment.Infrastructure\Services\ResumeParserService.cs(55,32): error CS1513: } expected [E:\Document\Visual Code\React JS\ai-screening-recruitment\backend\AiRecruitment.Infrastructure\AiRecruitment.Infrastructure.csproj]
E:\Document\Visual Code\React JS\ai-screening-recruitment\backend\AiRecruitment.Infrastructure\Services\ResumeParserService.cs(56,21): error CS1002: ; expected [E:\Document\Visual Code\React JS\ai-screening-recruitment\backend\AiRecruitment.Infrastructure\AiRecruitment.Infrastructure.csproj]
E:\Document\Visual Code\React JS\ai-screening-recruitment\backend\AiRecruitment.Infrastructure\Services\ResumeParserService.cs(56,21): error CS1513: } expected [E:\Document\Visual Code\React JS\ai-screening-recruitment\backend\AiRecruitment.Infrastructure\AiRecruitment.Infrastructure.csproj]
E:\Document\Visual Code\React JS\ai-screening-recruitment\backend\AiRecruitment.Infrastructure\Services\ResumeParserService.cs(56,24): error CS1002: ; expected [E:\Document\Visual Code\React JS\ai-screening-recruitment\backend\AiRecruitment.Infrastructure\AiRecruitment.Infrastructure.csproj]
E:\Document\Visual Code\React JS\ai-screening-recruitment\backend\AiRecruitment.Infrastructure\Services\ResumeParserService.cs(56,24): error CS1513: } expected [E:\Document\Visual Code\React JS\ai-screening-recruitment\backend\AiRecruitment.Infrastructure\AiRecruitment.Infrastructure.csproj]
E:\Document\Visual Code\React JS\ai-screening-recruitment\backend\AiRecruitment.Infrastructure\Services\ResumeParserService.cs(57,19): error CS1002: ; expected [E:\Document\Visual Code\React JS\ai-screening-recruitment\backend\AiRecruitment.Infrastructure\AiRecruitment.Infrastructure.csproj]
E:\Document\Visual Code\React JS\ai-screening-recruitment\backend\AiRecruitment.Infrastructure\Services\ResumeParserService.cs(57,19): error CS1513: } expected [E:\Document\Visual Code\React JS\ai-screening-recruitment\backend\AiRecruitment.Infrastructure\AiRecruitment.Infrastructure.csproj]
E:\Document\Visual Code\React JS\ai-screening-recruitment\backend\AiRecruitment.Infrastructure\Services\ResumeParserService.cs(57,44): error CS1002: ; expected [E:\Document\Visual Code\React JS\ai-screening-recruitment\backend\AiRecruitment.Infrastructure\AiRecruitment.Infrastructure.csproj]
E:\Document\Visual Code\React JS\ai-screening-recruitment\backend\AiRecruitment.Infrastructure\Services\ResumeParserService.cs(59,6): error CS1519: Invalid token ':' in a member declaration [E:\Document\Visual Code\React JS\ai-screening-recruitment\backend\AiRecruitment.Infrastructure\AiRecruitment.Infrastructure.csproj]
E:\Document\Visual Code\React JS\ai-screening-recruitment\backend\AiRecruitment.Infrastructure\Services\ResumeParserService.cs(60,6): error CS1519: Invalid token ''ExpectedSalary'' in a member declaration [E:\Document\Visual Code\React JS\ai-screening-recruitment\backend\AiRecruitment.Infrastructure\AiRecruitment.Infrastructure.csproj]
E:\Document\Visual Code\React JS\ai-screening-recruitment\backend\AiRecruitment.Infrastructure\Services\ResumeParserService.cs(60,6): error CS1012: Too many characters in character literal [E:\Document\Visual Code\React JS\ai-screening-recruitment\backend\AiRecruitment.Infrastructure\AiRecruitment.Infrastructure.csproj]
E:\Document\Visual Code\React JS\ai-screening-recruitment\backend\AiRecruitment.Infrastructure\Services\ResumeParserService.cs(60,40): error CS1002: ; expected [E:\Document\Visual Code\React JS\ai-screening-recruitment\backend\AiRecruitment.Infrastructure\AiRecruitment.Infrastructure.csproj]
E:\Document\Visual Code\React JS\ai-screening-recruitment\backend\AiRecruitment.Infrastructure\Services\ResumeParserService.cs(60,52): error CS1044: Cannot use more than one type in a for, using, fixed, or declaration statement [E:\Document\Visual Code\React JS\ai-screening-recruitment\backend\AiRecruitment.Infrastructure\AiRecruitment.Infrastructure.csproj]
E:\Document\Visual Code\React JS\ai-screening-recruitment\backend\AiRecruitment.Infrastructure\Services\ResumeParserService.cs(60,59): error CS1002: ; expected [E:\Document\Visual Code\React JS\ai-screening-recruitment\backend\AiRecruitment.Infrastructure\AiRecruitment.Infrastructure.csproj]
E:\Document\Visual Code\React JS\ai-screening-recruitment\backend\AiRecruitment.Infrastructure\Services\ResumeParserService.cs(60,66): error CS1519: Invalid token '0' in a member declaration [E:\Document\Visual Code\React JS\ai-screening-recruitment\backend\AiRecruitment.Infrastructure\AiRecruitment.Infrastructure.csproj]
E:\Document\Visual Code\React JS\ai-screening-recruitment\backend\AiRecruitment.Infrastructure\Services\ResumeParserService.cs(61,3): error CS1012: Too many characters in character literal [E:\Document\Visual Code\React JS\ai-screening-recruitment\backend\AiRecruitment.Infrastructure\AiRecruitment.Infrastructure.csproj]
E:\Document\Visual Code\React JS\ai-screening-recruitment\backend\AiRecruitment.Infrastructure\Services\ResumeParserService.cs(61,28): error CS1002: ; expected [E:\Document\Visual Code\React JS\ai-screening-recruitment\backend\AiRecruitment.Infrastructure\AiRecruitment.Infrastructure.csproj]
E:\Document\Visual Code\React JS\ai-screening-recruitment\backend\AiRecruitment.Infrastructure\Services\ResumeParserService.cs(61,35): error CS1003: Syntax error, ',' expected [E:\Document\Visual Code\React JS\ai-screening-recruitment\backend\AiRecruitment.Infrastructure\AiRecruitment.Infrastructure.csproj]
E:\Document\Visual Code\React JS\ai-screening-recruitment\backend\AiRecruitment.Infrastructure\Services\ResumeParserService.cs(61,36): error CS1002: ; expected [E:\Document\Visual Code\React JS\ai-screening-recruitment\backend\AiRecruitment.Infrastructure\AiRecruitment.Infrastructure.csproj]
E:\Document\Visual Code\React JS\ai-screening-recruitment\backend\AiRecruitment.Infrastructure\Services\ResumeParserService.cs(61,46): error CS1519: Invalid token 'string' in a member declaration [E:\Document\Visual Code\React JS\ai-screening-recruitment\backend\AiRecruitment.Infrastructure\AiRecruitment.Infrastructure.csproj]
E:\Document\Visual Code\React JS\ai-screening-recruitment\backend\AiRecruitment.Infrastructure\Services\ResumeParserService.cs(61,64): error CS1002: ; expected [E:\Document\Visual Code\React JS\ai-screening-recruitment\backend\AiRecruitment.Infrastructure\AiRecruitment.Infrastructure.csproj]
E:\Document\Visual Code\React JS\ai-screening-recruitment\backend\AiRecruitment.Infrastructure\Services\ResumeParserService.cs(61,73): error CS1002: ; expected [E:\Document\Visual Code\React JS\ai-screening-recruitment\backend\AiRecruitment.Infrastructure\AiRecruitment.Infrastructure.csproj]
E:\Document\Visual Code\React JS\ai-screening-recruitment\backend\AiRecruitment.Infrastructure\Services\ResumeParserService.cs(61,87): error CS1002: ; expected [E:\Document\Visual Code\React JS\ai-screening-recruitment\backend\AiRecruitment.Infrastructure\AiRecruitment.Infrastructure.csproj]
E:\Document\Visual Code\React JS\ai-screening-recruitment\backend\AiRecruitment.Infrastructure\Services\ResumeParserService.cs(61,99): error CS1002: ; expected [E:\Document\Visual Code\React JS\ai-screening-recruitment\backend\AiRecruitment.Infrastructure\AiRecruitment.Infrastructure.csproj]
E:\Document\Visual Code\React JS\ai-screening-recruitment\backend\AiRecruitment.Infrastructure\Services\ResumeParserService.cs(61,110): error CS1001: Identifier expected [E:\Document\Visual Code\React JS\ai-screening-recruitment\backend\AiRecruitment.Infrastructure\AiRecruitment.Infrastructure.csproj]
E:\Document\Visual Code\React JS\ai-screening-recruitment\backend\AiRecruitment.Infrastructure\Services\ResumeParserService.cs(62,1): error CS1519: Invalid token '-' in a member declaration [E:\Document\Visual Code\React JS\ai-screening-recruitment\backend\AiRecruitment.Infrastructure\AiRecruitment.Infrastructure.csproj]
E:\Document\Visual Code\React JS\ai-screening-recruitment\backend\AiRecruitment.Infrastructure\Services\ResumeParserService.cs(62,10): error CS1519: Invalid token 'try' in a member declaration [E:\Document\Visual Code\React JS\ai-screening-recruitment\backend\AiRecruitment.Infrastructure\AiRecruitment.Infrastructure.csproj]
E:\Document\Visual Code\React JS\ai-screening-recruitment\backend\AiRecruitment.Infrastructure\Services\ResumeParserService.cs(62,24): error CS1002: ; expected [E:\Document\Visual Code\React JS\ai-screening-recruitment\backend\AiRecruitment.Infrastructure\AiRecruitment.Infrastructure.csproj]
E:\Document\Visual Code\React JS\ai-screening-recruitment\backend\AiRecruitment.Infrastructure\Services\ResumeParserService.cs(62,36): error CS1002: ; expected [E:\Document\Visual Code\React JS\ai-screening-recruitment\backend\AiRecruitment.Infrastructure\AiRecruitment.Infrastructure.csproj]
E:\Document\Visual Code\React JS\ai-screening-recruitment\backend\AiRecruitment.Infrastructure\Services\ResumeParserService.cs(62,47): error CS1002: ; expected [E:\Document\Visual Code\React JS\ai-screening-recruitment\backend\AiRecruitment.Infrastructure\AiRecruitment.Infrastructure.csproj]
E:\Document\Visual Code\React JS\ai-screening-recruitment\backend\AiRecruitment.Infrastructure\Services\ResumeParserService.cs(62,56): error CS1002: ; expected [E:\Document\Visual Code\React JS\ai-screening-recruitment\backend\AiRecruitment.Infrastructure\AiRecruitment.Infrastructure.csproj]
E:\Document\Visual Code\React JS\ai-screening-recruitment\backend\AiRecruitment.Infrastructure\Services\ResumeParserService.cs(62,61): error CS1001: Identifier expected [E:\Document\Visual Code\React JS\ai-screening-recruitment\backend\AiRecruitment.Infrastructure\AiRecruitment.Infrastructure.csproj]
E:\Document\Visual Code\React JS\ai-screening-recruitment\backend\AiRecruitment.Infrastructure\Services\ResumeParserService.cs(63,1): error CS1010: Newline in constant [E:\Document\Visual Code\React JS\ai-screening-recruitment\backend\AiRecruitment.Infrastructure\AiRecruitment.Infrastructure.csproj]
E:\Document\Visual Code\React JS\ai-screening-recruitment\backend\AiRecruitment.Infrastructure\Services\ResumeParserService.cs(63,1): error CS1519: Invalid token '";' in a member declaration [E:\Document\Visual Code\React JS\ai-screening-recruitment\backend\AiRecruitment.Infrastructure\AiRecruitment.Infrastructure.csproj]
E:\Document\Visual Code\React JS\ai-screening-recruitment\backend\AiRecruitment.Infrastructure\Services\ResumeParserService.cs(83,17): error CS1519: Invalid token 'if' in a member declaration [E:\Document\Visual Code\React JS\ai-screening-recruitment\backend\AiRecruitment.Infrastructure\AiRecruitment.Infrastructure.csproj]
E:\Document\Visual Code\React JS\ai-screening-recruitment\backend\AiRecruitment.Infrastructure\Services\ResumeParserService.cs(83,37): error CS8124: Tuple must contain at least two elements. [E:\Document\Visual Code\React JS\ai-screening-recruitment\backend\AiRecruitment.Infrastructure\AiRecruitment.Infrastructure.csproj]
E:\Document\Visual Code\React JS\ai-screening-recruitment\backend\AiRecruitment.Infrastructure\Services\ResumeParserService.cs(83,37): error CS1026: ) expected [E:\Document\Visual Code\React JS\ai-screening-recruitment\backend\AiRecruitment.Infrastructure\AiRecruitment.Infrastructure.csproj]
E:\Document\Visual Code\React JS\ai-screening-recruitment\backend\AiRecruitment.Infrastructure\Services\ResumeParserService.cs(83,37): error CS1519: Invalid token '==' in a member declaration [E:\Document\Visual Code\React JS\ai-screening-recruitment\backend\AiRecruitment.Infrastructure\AiRecruitment.Infrastructure.csproj]
E:\Document\Visual Code\React JS\ai-screening-recruitment\backend\AiRecruitment.Infrastructure\Services\ResumeParserService.cs(85,41): error CS1001: Identifier expected [E:\Document\Visual Code\React JS\ai-screening-recruitment\backend\AiRecruitment.Infrastructure\AiRecruitment.Infrastructure.csproj]
E:\Document\Visual Code\React JS\ai-screening-recruitment\backend\AiRecruitment.Infrastructure\Services\ResumeParserService.cs(88,17): error CS1022: Type or namespace definition, or end-of-file expected [E:\Document\Visual Code\React JS\ai-screening-recruitment\backend\AiRecruitment.Infrastructure\AiRecruitment.Infrastructure.csproj]
E:\Document\Visual Code\React JS\ai-screening-recruitment\backend\AiRecruitment.Infrastructure\Services\ResumeParserService.cs(88,24): error CS0116: A namespace cannot directly contain members such as fields, methods or statements [E:\Document\Visual Code\React JS\ai-screening-recruitment\backend\AiRecruitment.Infrastructure\AiRecruitment.Infrastructure.csproj]
E:\Document\Visual Code\React JS\ai-screening-recruitment\backend\AiRecruitment.Infrastructure\Services\ResumeParserService.cs(88,39): error CS1022: Type or namespace definition, or end-of-file expected [E:\Document\Visual Code\React JS\ai-screening-recruitment\backend\AiRecruitment.Infrastructure\AiRecruitment.Infrastructure.csproj]
E:\Document\Visual Code\React JS\ai-screening-recruitment\backend\AiRecruitment.Infrastructure\Services\ResumeParserService.cs(90,13): error CS1022: Type or namespace definition, or end-of-file expected [E:\Document\Visual Code\React JS\ai-screening-recruitment\backend\AiRecruitment.Infrastructure\AiRecruitment.Infrastructure.csproj]
E:\Document\Visual Code\React JS\ai-screening-recruitment\backend\AiRecruitment.Infrastructure\Services\ResumeParserService.cs(90,19): error CS8803: Top-level statements must precede namespace and type declarations. [E:\Document\Visual Code\React JS\ai-screening-recruitment\backend\AiRecruitment.Infrastructure\AiRecruitment.Infrastructure.csproj]
E:\Document\Visual Code\React JS\ai-screening-recruitment\backend\AiRecruitment.Infrastructure\Services\ResumeParserService.cs(90,30): error CS1026: ) expected [E:\Document\Visual Code\React JS\ai-screening-recruitment\backend\AiRecruitment.Infrastructure\AiRecruitment.Infrastructure.csproj]
E:\Document\Visual Code\React JS\ai-screening-recruitment\backend\AiRecruitment.Infrastructure\Services\ResumeParserService.cs(90,30): error CS1002: ; expected [E:\Document\Visual Code\React JS\ai-screening-recruitment\backend\AiRecruitment.Infrastructure\AiRecruitment.Infrastructure.csproj]
E:\Document\Visual Code\React JS\ai-screening-recruitment\backend\AiRecruitment.Infrastructure\Services\ResumeParserService.cs(90,32): error CS1001: Identifier expected [E:\Document\Visual Code\React JS\ai-screening-recruitment\backend\AiRecruitment.Infrastructure\AiRecruitment.Infrastructure.csproj]
E:\Document\Visual Code\React JS\ai-screening-recruitment\backend\AiRecruitment.Infrastructure\Services\ResumeParserService.cs(90,32): error CS1003: Syntax error, ',' expected [E:\Document\Visual Code\React JS\ai-screening-recruitment\backend\AiRecruitment.Infrastructure\AiRecruitment.Infrastructure.csproj]
E:\Document\Visual Code\React JS\ai-screening-recruitment\backend\AiRecruitment.Infrastructure\Services\ResumeParserService.cs(103,13): error CS1022: Type or namespace definition, or end-of-file expected [E:\Document\Visual Code\React JS\ai-screening-recruitment\backend\AiRecruitment.Infrastructure\AiRecruitment.Infrastructure.csproj]
E:\Document\Visual Code\React JS\ai-screening-recruitment\backend\AiRecruitment.Infrastructure\Services\ResumeParserService.cs(104,9): error CS1022: Type or namespace definition, or end-of-file expected [E:\Document\Visual Code\React JS\ai-screening-recruitment\backend\AiRecruitment.Infrastructure\AiRecruitment.Infrastructure.csproj]
E:\Document\Visual Code\React JS\ai-screening-recruitment\backend\AiRecruitment.Infrastructure\Services\ResumeParserService.cs(106,9): error CS0106: The modifier 'private' is not valid for this item [E:\Document\Visual Code\React JS\ai-screening-recruitment\backend\AiRecruitment.Infrastructure\AiRecruitment.Infrastructure.csproj]
E:\Document\Visual Code\React JS\ai-screening-recruitment\backend\AiRecruitment.Infrastructure\Services\ResumeParserService.cs(127,5): error CS1022: Type or namespace definition, or end-of-file expected [E:\Document\Visual Code\React JS\ai-screening-recruitment\backend\AiRecruitment.Infrastructure\AiRecruitment.Infrastructure.csproj]
E:\Document\Visual Code\React JS\ai-screening-recruitment\backend\AiRecruitment.Infrastructure\Services\ResumeParserService.cs(128,1): error CS1022: Type or namespace definition, or end-of-file expected [E:\Document\Visual Code\React JS\ai-screening-recruitment\backend\AiRecruitment.Infrastructure\AiRecruitment.Infrastructure.csproj]

Build FAILED.

E:\Document\Visual Code\React JS\ai-screening-recruitment\backend\AiRecruitment.Infrastructure\Services\ResumeParserService.cs(52,6): error CS1002: ; expected [E:\Document\Visual Code\React JS\ai-screening-recruitment\backend\AiRecruitment.Infrastructure\AiRecruitment.Infrastructure.csproj]
E:\Document\Visual Code\React JS\ai-screening-recruitment\backend\AiRecruitment.Infrastructure\Services\ResumeParserService.cs(52,15): error CS1002: ; expected [E:\Document\Visual Code\React JS\ai-screening-recruitment\backend\AiRecruitment.Infrastructure\AiRecruitment.Infrastructure.csproj]
E:\Document\Visual Code\React JS\ai-screening-recruitment\backend\AiRecruitment.Infrastructure\Services\ResumeParserService.cs(52,19): error CS1002: ; expected [E:\Document\Visual Code\React JS\ai-screening-recruitment\backend\AiRecruitment.Infrastructure\AiRecruitment.Infrastructure.csproj]
E:\Document\Visual Code\React JS\ai-screening-recruitment\backend\AiRecruitment.Infrastructure\Services\ResumeParserService.cs(52,23): error CS1002: ; expected [E:\Document\Visual Code\React JS\ai-screening-recruitment\backend\AiRecruitment.Infrastructure\AiRecruitment.Infrastructure.csproj]
E:\Document\Visual Code\React JS\ai-screening-recruitment\backend\AiRecruitment.Infrastructure\Services\ResumeParserService.cs(52,23): error CS1010: Newline in constant [E:\Document\Visual Code\React JS\ai-screening-recruitment\backend\AiRecruitment.Infrastructure\AiRecruitment.Infrastructure.csproj]
E:\Document\Visual Code\React JS\ai-screening-recruitment\backend\AiRecruitment.Infrastructure\Services\ResumeParserService.cs(52,25): error CS1002: ; expected [E:\Document\Visual Code\React JS\ai-screening-recruitment\backend\AiRecruitment.Infrastructure\AiRecruitment.Infrastructure.csproj]
E:\Document\Visual Code\React JS\ai-screening-recruitment\backend\AiRecruitment.Infrastructure\Services\ResumeParserService.cs(53,15): error CS1002: ; expected [E:\Document\Visual Code\React JS\ai-screening-recruitment\backend\AiRecruitment.Infrastructure\AiRecruitment.Infrastructure.csproj]
E:\Document\Visual Code\React JS\ai-screening-recruitment\backend\AiRecruitment.Infrastructure\Services\ResumeParserService.cs(53,15): error CS1513: } expected [E:\Document\Visual Code\React JS\ai-screening-recruitment\backend\AiRecruitment.Infrastructure\AiRecruitment.Infrastructure.csproj]
E:\Document\Visual Code\React JS\ai-screening-recruitment\backend\AiRecruitment.Infrastructure\Services\ResumeParserService.cs(53,22): error CS1002: ; expected [E:\Document\Visual Code\React JS\ai-screening-recruitment\backend\AiRecruitment.Infrastructure\AiRecruitment.Infrastructure.csproj]
E:\Document\Visual Code\React JS\ai-screening-recruitment\backend\AiRecruitment.Infrastructure\Services\ResumeParserService.cs(53,22): error CS1513: } expected [E:\Document\Visual Code\React JS\ai-screening-recruitment\backend\AiRecruitment.Infrastructure\AiRecruitment.Infrastructure.csproj]
E:\Document\Visual Code\React JS\ai-screening-recruitment\backend\AiRecruitment.Infrastructure\Services\ResumeParserService.cs(54,12): error CS1002: ; expected [E:\Document\Visual Code\React JS\ai-screening-recruitment\backend\AiRecruitment.Infrastructure\AiRecruitment.Infrastructure.csproj]
E:\Document\Visual Code\React JS\ai-screening-recruitment\backend\AiRecruitment.Infrastructure\Services\ResumeParserService.cs(54,12): error CS1513: } expected [E:\Document\Visual Code\React JS\ai-screening-recruitment\backend\AiRecruitment.Infrastructure\AiRecruitment.Infrastructure.csproj]
E:\Document\Visual Code\React JS\ai-screening-recruitment\backend\AiRecruitment.Infrastructure\Services\ResumeParserService.cs(54,33): error CS1002: ; expected [E:\Document\Visual Code\React JS\ai-screening-recruitment\backend\AiRecruitment.Infrastructure\AiRecruitment.Infrastructure.csproj]
E:\Document\Visual Code\React JS\ai-screening-recruitment\backend\AiRecruitment.Infrastructure\Services\ResumeParserService.cs(54,33): error CS1513: } expected [E:\Document\Visual Code\React JS\ai-screening-recruitment\backend\AiRecruitment.Infrastructure\AiRecruitment.Infrastructure.csproj]
E:\Document\Visual Code\React JS\ai-screening-recruitment\backend\AiRecruitment.Infrastructure\Services\ResumeParserService.cs(55,18): error CS1002: ; expected [E:\Document\Visual Code\React JS\ai-screening-recruitment\backend\AiRecruitment.Infrastructure\AiRecruitment.Infrastructure.csproj]
E:\Document\Visual Code\React JS\ai-screening-recruitment\backend\AiRecruitment.Infrastructure\Services\ResumeParserService.cs(55,18): error CS1513: } expected [E:\Document\Visual Code\React JS\ai-screening-recruitment\backend\AiRecruitment.Infrastructure\AiRecruitment.Infrastructure.csproj]
E:\Document\Visual Code\React JS\ai-screening-recruitment\backend\AiRecruitment.Infrastructure\Services\ResumeParserService.cs(55,32): error CS1002: ; expected [E:\Document\Visual Code\React JS\ai-screening-recruitment\backend\AiRecruitment.Infrastructure\AiRecruitment.Infrastructure.csproj]
E:\Document\Visual Code\React JS\ai-screening-recruitment\backend\AiRecruitment.Infrastructure\Services\ResumeParserService.cs(55,32): error CS1513: } expected [E:\Document\Visual Code\React JS\ai-screening-recruitment\backend\AiRecruitment.Infrastructure\AiRecruitment.Infrastructure.csproj]
E:\Document\Visual Code\React JS\ai-screening-recruitment\backend\AiRecruitment.Infrastructure\Services\ResumeParserService.cs(56,21): error CS1002: ; expected [E:\Document\Visual Code\React JS\ai-screening-recruitment\backend\AiRecruitment.Infrastructure\AiRecruitment.Infrastructure.csproj]
E:\Document\Visual Code\React JS\ai-screening-recruitment\backend\AiRecruitment.Infrastructure\Services\ResumeParserService.cs(56,21): error CS1513: } expected [E:\Document\Visual Code\React JS\ai-screening-recruitment\backend\AiRecruitment.Infrastructure\AiRecruitment.Infrastructure.csproj]
E:\Document\Visual Code\React JS\ai-screening-recruitment\backend\AiRecruitment.Infrastructure\Services\ResumeParserService.cs(56,24): error CS1002: ; expected [E:\Document\Visual Code\React JS\ai-screening-recruitment\backend\AiRecruitment.Infrastructure\AiRecruitment.Infrastructure.csproj]
E:\Document\Visual Code\React JS\ai-screening-recruitment\backend\AiRecruitment.Infrastructure\Services\ResumeParserService.cs(56,24): error CS1513: } expected [E:\Document\Visual Code\React JS\ai-screening-recruitment\backend\AiRecruitment.Infrastructure\AiRecruitment.Infrastructure.csproj]
E:\Document\Visual Code\React JS\ai-screening-recruitment\backend\AiRecruitment.Infrastructure\Services\ResumeParserService.cs(57,19): error CS1002: ; expected [E:\Document\Visual Code\React JS\ai-screening-recruitment\backend\AiRecruitment.Infrastructure\AiRecruitment.Infrastructure.csproj]
E:\Document\Visual Code\React JS\ai-screening-recruitment\backend\AiRecruitment.Infrastructure\Services\ResumeParserService.cs(57,19): error CS1513: } expected [E:\Document\Visual Code\React JS\ai-screening-recruitment\backend\AiRecruitment.Infrastructure\AiRecruitment.Infrastructure.csproj]
E:\Document\Visual Code\React JS\ai-screening-recruitment\backend\AiRecruitment.Infrastructure\Services\ResumeParserService.cs(57,44): error CS1002: ; expected [E:\Document\Visual Code\React JS\ai-screening-recruitment\backend\AiRecruitment.Infrastructure\AiRecruitment.Infrastructure.csproj]
E:\Document\Visual Code\React JS\ai-screening-recruitment\backend\AiRecruitment.Infrastructure\Services\ResumeParserService.cs(59,6): error CS1519: Invalid token ':' in a member declaration [E:\Document\Visual Code\React JS\ai-screening-recruitment\backend\AiRecruitment.Infrastructure\AiRecruitment.Infrastructure.csproj]
E:\Document\Visual Code\React JS\ai-screening-recruitment\backend\AiRecruitment.Infrastructure\Services\ResumeParserService.cs(60,6): error CS1519: Invalid token ''ExpectedSalary'' in a member declaration [E:\Document\Visual Code\React JS\ai-screening-recruitment\backend\AiRecruitment.Infrastructure\AiRecruitment.Infrastructure.csproj]
E:\Document\Visual Code\React JS\ai-screening-recruitment\backend\AiRecruitment.Infrastructure\Services\ResumeParserService.cs(60,6): error CS1012: Too many characters in character literal [E:\Document\Visual Code\React JS\ai-screening-recruitment\backend\AiRecruitment.Infrastructure\AiRecruitment.Infrastructure.csproj]
E:\Document\Visual Code\React JS\ai-screening-recruitment\backend\AiRecruitment.Infrastructure\Services\ResumeParserService.cs(60,40): error CS1002: ; expected [E:\Document\Visual Code\React JS\ai-screening-recruitment\backend\AiRecruitment.Infrastructure\AiRecruitment.Infrastructure.csproj]
E:\Document\Visual Code\React JS\ai-screening-recruitment\backend\AiRecruitment.Infrastructure\Services\ResumeParserService.cs(60,52): error CS1044: Cannot use more than one type in a for, using, fixed, or declaration statement [E:\Document\Visual Code\React JS\ai-screening-recruitment\backend\AiRecruitment.Infrastructure\AiRecruitment.Infrastructure.csproj]
E:\Document\Visual Code\React JS\ai-screening-recruitment\backend\AiRecruitment.Infrastructure\Services\ResumeParserService.cs(60,59): error CS1002: ; expected [E:\Document\Visual Code\React JS\ai-screening-recruitment\backend\AiRecruitment.Infrastructure\AiRecruitment.Infrastructure.csproj]
E:\Document\Visual Code\React JS\ai-screening-recruitment\backend\AiRecruitment.Infrastructure\Services\ResumeParserService.cs(60,66): error CS1519: Invalid token '0' in a member declaration [E:\Document\Visual Code\React JS\ai-screening-recruitment\backend\AiRecruitment.Infrastructure\AiRecruitment.Infrastructure.csproj]
E:\Document\Visual Code\React JS\ai-screening-recruitment\backend\AiRecruitment.Infrastructure\Services\ResumeParserService.cs(61,3): error CS1012: Too many characters in character literal [E:\Document\Visual Code\React JS\ai-screening-recruitment\backend\AiRecruitment.Infrastructure\AiRecruitment.Infrastructure.csproj]
E:\Document\Visual Code\React JS\ai-screening-recruitment\backend\AiRecruitment.Infrastructure\Services\ResumeParserService.cs(61,28): error CS1002: ; expected [E:\Document\Visual Code\React JS\ai-screening-recruitment\backend\AiRecruitment.Infrastructure\AiRecruitment.Infrastructure.csproj]
E:\Document\Visual Code\React JS\ai-screening-recruitment\backend\AiRecruitment.Infrastructure\Services\ResumeParserService.cs(61,35): error CS1003: Syntax error, ',' expected [E:\Document\Visual Code\React JS\ai-screening-recruitment\backend\AiRecruitment.Infrastructure\AiRecruitment.Infrastructure.csproj]
E:\Document\Visual Code\React JS\ai-screening-recruitment\backend\AiRecruitment.Infrastructure\Services\ResumeParserService.cs(61,36): error CS1002: ; expected [E:\Document\Visual Code\React JS\ai-screening-recruitment\backend\AiRecruitment.Infrastructure\AiRecruitment.Infrastructure.csproj]
E:\Document\Visual Code\React JS\ai-screening-recruitment\backend\AiRecruitment.Infrastructure\Services\ResumeParserService.cs(61,46): error CS1519: Invalid token 'string' in a member declaration [E:\Document\Visual Code\React JS\ai-screening-recruitment\backend\AiRecruitment.Infrastructure\AiRecruitment.Infrastructure.csproj]
E:\Document\Visual Code\React JS\ai-screening-recruitment\backend\AiRecruitment.Infrastructure\Services\ResumeParserService.cs(61,64): error CS1002: ; expected [E:\Document\Visual Code\React JS\ai-screening-recruitment\backend\AiRecruitment.Infrastructure\AiRecruitment.Infrastructure.csproj]
E:\Document\Visual Code\React JS\ai-screening-recruitment\backend\AiRecruitment.Infrastructure\Services\ResumeParserService.cs(61,73): error CS1002: ; expected [E:\Document\Visual Code\React JS\ai-screening-recruitment\backend\AiRecruitment.Infrastructure\AiRecruitment.Infrastructure.csproj]
E:\Document\Visual Code\React JS\ai-screening-recruitment\backend\AiRecruitment.Infrastructure\Services\ResumeParserService.cs(61,87): error CS1002: ; expected [E:\Document\Visual Code\React JS\ai-screening-recruitment\backend\AiRecruitment.Infrastructure\AiRecruitment.Infrastructure.csproj]
E:\Document\Visual Code\React JS\ai-screening-recruitment\backend\AiRecruitment.Infrastructure\Services\ResumeParserService.cs(61,99): error CS1002: ; expected [E:\Document\Visual Code\React JS\ai-screening-recruitment\backend\AiRecruitment.Infrastructure\AiRecruitment.Infrastructure.csproj]
E:\Document\Visual Code\React JS\ai-screening-recruitment\backend\AiRecruitment.Infrastructure\Services\ResumeParserService.cs(61,110): error CS1001: Identifier expected [E:\Document\Visual Code\React JS\ai-screening-recruitment\backend\AiRecruitment.Infrastructure\AiRecruitment.Infrastructure.csproj]
E:\Document\Visual Code\React JS\ai-screening-recruitment\backend\AiRecruitment.Infrastructure\Services\ResumeParserService.cs(62,1): error CS1519: Invalid token '-' in a member declaration [E:\Document\Visual Code\React JS\ai-screening-recruitment\backend\AiRecruitment.Infrastructure\AiRecruitment.Infrastructure.csproj]
E:\Document\Visual Code\React JS\ai-screening-recruitment\backend\AiRecruitment.Infrastructure\Services\ResumeParserService.cs(62,10): error CS1519: Invalid token 'try' in a member declaration [E:\Document\Visual Code\React JS\ai-screening-recruitment\backend\AiRecruitment.Infrastructure\AiRecruitment.Infrastructure.csproj]
E:\Document\Visual Code\React JS\ai-screening-recruitment\backend\AiRecruitment.Infrastructure\Services\ResumeParserService.cs(62,24): error CS1002: ; expected [E:\Document\Visual Code\React JS\ai-screening-recruitment\backend\AiRecruitment.Infrastructure\AiRecruitment.Infrastructure.csproj]
E:\Document\Visual Code\React JS\ai-screening-recruitment\backend\AiRecruitment.Infrastructure\Services\ResumeParserService.cs(62,36): error CS1002: ; expected [E:\Document\Visual Code\React JS\ai-screening-recruitment\backend\AiRecruitment.Infrastructure\AiRecruitment.Infrastructure.csproj]
E:\Document\Visual Code\React JS\ai-screening-recruitment\backend\AiRecruitment.Infrastructure\Services\ResumeParserService.cs(62,47): error CS1002: ; expected [E:\Document\Visual Code\React JS\ai-screening-recruitment\backend\AiRecruitment.Infrastructure\AiRecruitment.Infrastructure.csproj]
E:\Document\Visual Code\React JS\ai-screening-recruitment\backend\AiRecruitment.Infrastructure\Services\ResumeParserService.cs(62,56): error CS1002: ; expected [E:\Document\Visual Code\React JS\ai-screening-recruitment\backend\AiRecruitment.Infrastructure\AiRecruitment.Infrastructure.csproj]
E:\Document\Visual Code\React JS\ai-screening-recruitment\backend\AiRecruitment.Infrastructure\Services\ResumeParserService.cs(62,61): error CS1001: Identifier expected [E:\Document\Visual Code\React JS\ai-screening-recruitment\backend\AiRecruitment.Infrastructure\AiRecruitment.Infrastructure.csproj]
E:\Document\Visual Code\React JS\ai-screening-recruitment\backend\AiRecruitment.Infrastructure\Services\ResumeParserService.cs(63,1): error CS1010: Newline in constant [E:\Document\Visual Code\React JS\ai-screening-recruitment\backend\AiRecruitment.Infrastructure\AiRecruitment.Infrastructure.csproj]
E:\Document\Visual Code\React JS\ai-screening-recruitment\backend\AiRecruitment.Infrastructure\Services\ResumeParserService.cs(63,1): error CS1519: Invalid token '";' in a member declaration [E:\Document\Visual Code\React JS\ai-screening-recruitment\backend\AiRecruitment.Infrastructure\AiRecruitment.Infrastructure.csproj]
E:\Document\Visual Code\React JS\ai-screening-recruitment\backend\AiRecruitment.Infrastructure\Services\ResumeParserService.cs(83,17): error CS1519: Invalid token 'if' in a member declaration [E:\Document\Visual Code\React JS\ai-screening-recruitment\backend\AiRecruitment.Infrastructure\AiRecruitment.Infrastructure.csproj]
E:\Document\Visual Code\React JS\ai-screening-recruitment\backend\AiRecruitment.Infrastructure\Services\ResumeParserService.cs(83,37): error CS8124: Tuple must contain at least two elements. [E:\Document\Visual Code\React JS\ai-screening-recruitment\backend\AiRecruitment.Infrastructure\AiRecruitment.Infrastructure.csproj]
E:\Document\Visual Code\React JS\ai-screening-recruitment\backend\AiRecruitment.Infrastructure\Services\ResumeParserService.cs(83,37): error CS1026: ) expected [E:\Document\Visual Code\React JS\ai-screening-recruitment\backend\AiRecruitment.Infrastructure\AiRecruitment.Infrastructure.csproj]
E:\Document\Visual Code\React JS\ai-screening-recruitment\backend\AiRecruitment.Infrastructure\Services\ResumeParserService.cs(83,37): error CS1519: Invalid token '==' in a member declaration [E:\Document\Visual Code\React JS\ai-screening-recruitment\backend\AiRecruitment.Infrastructure\AiRecruitment.Infrastructure.csproj]
E:\Document\Visual Code\React JS\ai-screening-recruitment\backend\AiRecruitment.Infrastructure\Services\ResumeParserService.cs(85,41): error CS1001: Identifier expected [E:\Document\Visual Code\React JS\ai-screening-recruitment\backend\AiRecruitment.Infrastructure\AiRecruitment.Infrastructure.csproj]
E:\Document\Visual Code\React JS\ai-screening-recruitment\backend\AiRecruitment.Infrastructure\Services\ResumeParserService.cs(88,17): error CS1022: Type or namespace definition, or end-of-file expected [E:\Document\Visual Code\React JS\ai-screening-recruitment\backend\AiRecruitment.Infrastructure\AiRecruitment.Infrastructure.csproj]
E:\Document\Visual Code\React JS\ai-screening-recruitment\backend\AiRecruitment.Infrastructure\Services\ResumeParserService.cs(88,24): error CS0116: A namespace cannot directly contain members such as fields, methods or statements [E:\Document\Visual Code\React JS\ai-screening-recruitment\backend\AiRecruitment.Infrastructure\AiRecruitment.Infrastructure.csproj]
E:\Document\Visual Code\React JS\ai-screening-recruitment\backend\AiRecruitment.Infrastructure\Services\ResumeParserService.cs(88,39): error CS1022: Type or namespace definition, or end-of-file expected [E:\Document\Visual Code\React JS\ai-screening-recruitment\backend\AiRecruitment.Infrastructure\AiRecruitment.Infrastructure.csproj]
E:\Document\Visual Code\React JS\ai-screening-recruitment\backend\AiRecruitment.Infrastructure\Services\ResumeParserService.cs(90,13): error CS1022: Type or namespace definition, or end-of-file expected [E:\Document\Visual Code\React JS\ai-screening-recruitment\backend\AiRecruitment.Infrastructure\AiRecruitment.Infrastructure.csproj]
E:\Document\Visual Code\React JS\ai-screening-recruitment\backend\AiRecruitment.Infrastructure\Services\ResumeParserService.cs(90,19): error CS8803: Top-level statements must precede namespace and type declarations. [E:\Document\Visual Code\React JS\ai-screening-recruitment\backend\AiRecruitment.Infrastructure\AiRecruitment.Infrastructure.csproj]
E:\Document\Visual Code\React JS\ai-screening-recruitment\backend\AiRecruitment.Infrastructure\Services\ResumeParserService.cs(90,30): error CS1026: ) expected [E:\Document\Visual Code\React JS\ai-screening-recruitment\backend\AiRecruitment.Infrastructure\AiRecruitment.Infrastructure.csproj]
E:\Document\Visual Code\React JS\ai-screening-recruitment\backend\AiRecruitment.Infrastructure\Services\ResumeParserService.cs(90,30): error CS1002: ; expected [E:\Document\Visual Code\React JS\ai-screening-recruitment\backend\AiRecruitment.Infrastructure\AiRecruitment.Infrastructure.csproj]
E:\Document\Visual Code\React JS\ai-screening-recruitment\backend\AiRecruitment.Infrastructure\Services\ResumeParserService.cs(90,32): error CS1001: Identifier expected [E:\Document\Visual Code\React JS\ai-screening-recruitment\backend\AiRecruitment.Infrastructure\AiRecruitment.Infrastructure.csproj]
E:\Document\Visual Code\React JS\ai-screening-recruitment\backend\AiRecruitment.Infrastructure\Services\ResumeParserService.cs(90,32): error CS1003: Syntax error, ',' expected [E:\Document\Visual Code\React JS\ai-screening-recruitment\backend\AiRecruitment.Infrastructure\AiRecruitment.Infrastructure.csproj]
E:\Document\Visual Code\React JS\ai-screening-recruitment\backend\AiRecruitment.Infrastructure\Services\ResumeParserService.cs(103,13): error CS1022: Type or namespace definition, or end-of-file expected [E:\Document\Visual Code\React JS\ai-screening-recruitment\backend\AiRecruitment.Infrastructure\AiRecruitment.Infrastructure.csproj]
E:\Document\Visual Code\React JS\ai-screening-recruitment\backend\AiRecruitment.Infrastructure\Services\ResumeParserService.cs(104,9): error CS1022: Type or namespace definition, or end-of-file expected [E:\Document\Visual Code\React JS\ai-screening-recruitment\backend\AiRecruitment.Infrastructure\AiRecruitment.Infrastructure.csproj]
E:\Document\Visual Code\React JS\ai-screening-recruitment\backend\AiRecruitment.Infrastructure\Services\ResumeParserService.cs(106,9): error CS0106: The modifier 'private' is not valid for this item [E:\Document\Visual Code\React JS\ai-screening-recruitment\backend\AiRecruitment.Infrastructure\AiRecruitment.Infrastructure.csproj]
E:\Document\Visual Code\React JS\ai-screening-recruitment\backend\AiRecruitment.Infrastructure\Services\ResumeParserService.cs(127,5): error CS1022: Type or namespace definition, or end-of-file expected [E:\Document\Visual Code\React JS\ai-screening-recruitment\backend\AiRecruitment.Infrastructure\AiRecruitment.Infrastructure.csproj]
E:\Document\Visual Code\React JS\ai-screening-recruitment\backend\AiRecruitment.Infrastructure\Services\ResumeParserService.cs(128,1): error CS1022: Type or namespace definition, or end-of-file expected [E:\Document\Visual Code\React JS\ai-screening-recruitment\backend\AiRecruitment.Infrastructure\AiRecruitment.Infrastructure.csproj]
    0 Warning(s)
    70 Error(s)

Time Elapsed 00:00:03.12
